Content-Length: 711

{"jsonrpc":"2.0","id":0,"result":{"capabilities":{"textDocumentSync":2,"hoverProvider":false,"completionProvider":{"resolveProvider":false,"triggerCharacters":[".",":",">","#","<","\"","/"]},"signatureHelpProvider":{"triggerCharacters":["(",","]},"definitionProvider":true,"typeDefinitionProvider":true,"implementationProvider":true,"referencesProvider":true,"documentHighlightProvider":true,"documentSymbolProvider":true,"workspaceSymbolProvider":true,"codeActionProvider":false,"codeLensProvider":{"resolveProvider":false},"documentFormattingProvider":true,"documentRangeFormattingProvider":true,"renameProvider":true,"documentLinkProvider":{"resolveProvider":true},"executeCommandProvider":{"commands":[]}}}}

Content-Length: 157

{"jsonrpc":"2.0","method":"$totvsserver/progress","params":{"indexRequestCount":0,"doIdMapCount":0,"onIdMappedCount":0,"onIndexedCount":0,"activeThreads":0}}

Content-Length: 157

{"jsonrpc":"2.0","method":"$totvsserver/progress","params":{"indexRequestCount":0,"doIdMapCount":0,"onIdMappedCount":0,"onIndexedCount":0,"activeThreads":0}}

Content-Length: 157

{"jsonrpc":"2.0","method":"$totvsserver/progress","params":{"indexRequestCount":0,"doIdMapCount":0,"onIdMappedCount":0,"onIndexedCount":0,"activeThreads":0}}

Content-Length: 106

{"jsonrpc":"2.0","method":"window/logMessage","params":{"type":3,"message":"Language server initialized"}}

Content-Length: 157

{"jsonrpc":"2.0","method":"$totvsserver/progress","params":{"indexRequestCount":0,"doIdMapCount":0,"onIdMappedCount":0,"onIndexedCount":0,"activeThreads":0}}

Content-Length: 157

{"jsonrpc":"2.0","method":"$totvsserver/progress","params":{"indexRequestCount":0,"doIdMapCount":0,"onIdMappedCount":0,"onIndexedCount":0,"activeThreads":0}}

Content-Length: 38

{"jsonrpc":"2.0","id":1,"result":null}

Content-Length: 157

{"jsonrpc":"2.0","method":"$totvsserver/progress","params":{"indexRequestCount":0,"doIdMapCount":0,"onIdMappedCount":0,"onIndexedCount":0,"activeThreads":0}}

Content-Length: 157

{"jsonrpc":"2.0","method":"$totvsserver/progress","params":{"indexRequestCount":0,"doIdMapCount":0,"onIdMappedCount":0,"onIndexedCount":0,"activeThreads":0}}

