Content-Length: 2596
{"jsonrpc":"2.0","id":0,"method":"initialize","params":{"processId":17096,"rootPath":"z:\\OneDrive\\Estudos\\Angular\\crud-angular-spring\\crud-angular","rootUri":"file:///z%3A/OneDrive/Estudos/Angular/crud-angular-spring/crud-angular","capabilities":{"workspace":{"applyEdit":true,"workspaceEdit":{"documentChanges":true},"didChangeConfiguration":{"dynamicRegistration":true},"didChangeWatchedFiles":{"dynamicRegistration":true},"symbol":{"dynamicRegistration":true,"symbolKind":{"valueSet":[1,2,3,4,5,6,7,8,9,10,11,12,13,14,15,16,17,18,19,20,21,22,23,24,25,26]}},"executeCommand":{"dynamicRegistration":true},"configuration":true,"workspaceFolders":true},"textDocument":{"publishDiagnostics":{"relatedInformation":true},"synchronization":{"dynamicRegistration":true,"willSave":true,"willSaveWaitUntil":true,"didSave":true},"completion":{"dynamicRegistration":true,"contextSupport":true,"completionItem":{"snippetSupport":true,"commitCharactersSupport":true,"documentationFormat":["markdown","plaintext"],"deprecatedSupport":true,"preselectSupport":true},"completionItemKind":{"valueSet":[1,2,3,4,5,6,7,8,9,10,11,12,13,14,15,16,17,18,19,20,21,22,23,24,25]}},"hover":{"dynamicRegistration":true,"contentFormat":["markdown","plaintext"]},"signatureHelp":{"dynamicRegistration":true,"signatureInformation":{"documentationFormat":["markdown","plaintext"]}},"definition":{"dynamicRegistration":true},"references":{"dynamicRegistration":true},"documentHighlight":{"dynamicRegistration":true},"documentSymbol":{"dynamicRegistration":true,"symbolKind":{"valueSet":[1,2,3,4,5,6,7,8,9,10,11,12,13,14,15,16,17,18,19,20,21,22,23,24,25,26]},"hierarchicalDocumentSymbolSupport":true},"codeAction":{"dynamicRegistration":true,"codeActionLiteralSupport":{"codeActionKind":{"valueSet":["","quickfix","refactor","refactor.extract","refactor.inline","refactor.rewrite","source","source.organizeImports"]}}},"codeLens":{"dynamicRegistration":true},"formatting":{"dynamicRegistration":true},"rangeFormatting":{"dynamicRegistration":true},"onTypeFormatting":{"dynamicRegistration":true},"rename":{"dynamicRegistration":true},"documentLink":{"dynamicRegistration":true},"typeDefinition":{"dynamicRegistration":true},"implementation":{"dynamicRegistration":true},"colorProvider":{"dynamicRegistration":true},"foldingRange":{"dynamicRegistration":true,"rangeLimit":5000,"lineFoldingOnly":true}}},"initializationOptions":{"launchArgs":["--log-file=totvsls.log","--record=totvsls"]},"trace":"off","workspaceFolders":[{"uri":"file:///z%3A/OneDrive/Estudos/Angular/crud-angular-spring/crud-angular","name":"crud-angular"}]}}
Content-Length: 52
{"jsonrpc":"2.0","method":"initialized","params":{}}
Content-Length: 76
{"jsonrpc":"2.0","method":"$/setTraceNotification","params":{"value":"off"}}
Content-Length: 76
{"jsonrpc":"2.0","method":"$/setTraceNotification","params":{"value":"off"}}
Content-Length: 76
{"jsonrpc":"2.0","method":"$/setTraceNotification","params":{"value":"off"}}
Content-Length: 76
{"jsonrpc":"2.0","method":"$/setTraceNotification","params":{"value":"off"}}
Content-Length: 76
{"jsonrpc":"2.0","method":"$/setTraceNotification","params":{"value":"off"}}
Content-Length: 76
{"jsonrpc":"2.0","method":"$/setTraceNotification","params":{"value":"off"}}
Content-Length: 58
{"jsonrpc":"2.0","id":1,"method":"shutdown","params":null}
Content-Length: 47
{"jsonrpc":"2.0","method":"exit","params":null}
